<?xml version="1.0" encoding="UTF-8"?>
<!-- Generated by org.testng.reporters.JUnitReportReporter -->
<testsuite hostname="MKD-CORP-BCP076" failures="0" tests="1" name="com.cyient.test.LoginTest" time="9.625" errors="0" timestamp="2021-06-08T22:14:28 IST" skipped="0">
  <testcase classname="com.cyient.test.LoginTest" name="validateUIComponentTest" time="9.625"/>
  <system-out/>
</testsuite> <!-- com.cyient.test.LoginTest -->
